<?xml version="1.0" encoding="UTF-8"?>
<!-- Generated by org.testng.reporters.JUnitReportReporter -->
<testsuite hostname="LIN51010419" failures="0" tests="1" name="cucumbertest1.sprint_testRunner" time="53.170" errors="0" timestamp="2021-01-11T14:30:49 IST" skipped="0">
  <testcase classname="cucumbertest1.sprint_testRunner" name="feature" time="53.170"/>
  <system-out/>
</testsuite> <!-- cucumbertest1.sprint_testRunner -->
